{"C:\\dev\\f_\\index.js":{"path":"C:\\dev\\f_\\index.js","s":{"1":1,"2":1},"b":{},"f":{},"fnMap":{},"statementMap":{"1":{"start":{"line":1,"column":0},"end":{"line":1,"column":28}},"2":{"start":{"line":3,"column":0},"end":{"line":3,"column":40}}},"branchMap":{}},"C:\\dev\\f_\\lib\\f_.js":{"path":"C:\\dev\\f_\\lib\\f_.js","s":{"1":1,"2":1,"3":0,"4":1,"5":0,"6":1,"7":0,"8":1,"9":0,"10":1,"11":0,"12":1,"13":1,"14":8,"15":3,"16":3,"17":8,"18":0,"19":8,"20":1,"21":7,"22":7,"23":7,"24":0,"25":0,"26":0,"27":7,"28":0,"29":7,"30":7,"31":7,"32":7,"33":0,"34":0,"35":1,"36":0,"37":0,"38":1,"39":1,"40":1,"41":0,"42":1,"43":0,"44":1,"45":1,"46":1,"47":1,"48":0,"49":0,"50":0,"51":0,"52":0,"53":3,"54":0,"55":0,"56":0,"57":0,"58":0,"59":0,"60":2,"61":2,"62":2,"63":2,"64":0,"65":0,"66":0,"67":0,"68":2,"69":2,"70":2,"71":1,"72":1,"73":1,"74":0,"75":1,"76":1,"77":1,"78":1,"79":2,"80":2,"81":0,"82":2,"83":0,"84":2,"85":0,"86":2,"87":0,"88":2,"89":0,"90":2,"91":0,"92":2,"93":2,"94":0,"95":2,"96":2,"97":16,"98":2,"99":16,"100":2,"101":17,"102":2,"103":0,"104":0,"105":0,"106":2,"107":2,"108":1,"109":3,"110":0,"111":3,"112":0,"113":3,"114":3,"115":3,"116":3,"117":3,"118":3,"119":3,"120":3,"121":0,"122":3,"123":3,"124":1},"b":{"1":[3,5],"2":[8,4],"3":[0,8],"4":[8,4],"5":[0,0],"6":[1,7],"7":[7,0],"8":[7,7],"9":[0,7],"10":[0,0],"11":[0,7],"12":[7,0],"13":[0,1],"14":[0,0],"15":[0,0],"16":[0,1],"17":[0,1],"18":[1,0],"19":[0,0],"20":[3,0],"21":[3,0],"22":[2,0],"23":[2,0],"24":[0,2],"25":[0,0],"26":[2,0],"27":[0,1],"28":[1,0],"29":[2,0],"30":[0,2],"31":[0,2],"32":[0,2],"33":[0,2],"34":[0,2],"35":[0,2],"36":[2,2],"37":[2,2],"38":[2,2],"39":[2,0],"40":[2,2],"41":[2,2],"42":[2,2],"43":[0,2],"44":[17,0],"45":[0,2],"46":[0,3],"47":[0,3]},"f":{"1":0,"2":0,"3":0,"4":0,"5":0,"6":8,"7":0,"8":1,"9":0,"10":3,"11":0,"12":0,"13":2,"14":1,"15":2,"16":17,"17":0,"18":3},"fnMap":{"1":{"name":"GREEN","line":14,"loc":{"start":{"line":14,"column":0},"end":{"line":14,"column":17}}},"2":{"name":"RED","line":15,"loc":{"start":{"line":15,"column":0},"end":{"line":15,"column":15}}},"3":{"name":"BLUE","line":16,"loc":{"start":{"line":16,"column":0},"end":{"line":16,"column":16}}},"4":{"name":"YELLOW","line":17,"loc":{"start":{"line":17,"column":0},"end":{"line":17,"column":18}}},"5":{"name":"WHITE","line":18,"loc":{"start":{"line":18,"column":0},"end":{"line":18,"column":17}}},"6":{"name":"next","line":37,"loc":{"start":{"line":37,"column":7},"end":{"line":37,"column":22}}},"7":{"name":"resetNamespace","line":90,"loc":{"start":{"line":90,"column":17},"end":{"line":90,"column":42}}},"8":{"name":"retryAll","line":102,"loc":{"start":{"line":102,"column":11},"end":{"line":102,"column":39}}},"9":{"name":"retryThis","line":140,"loc":{"start":{"line":140,"column":12},"end":{"line":140,"column":41}}},"10":{"name":"addErr","line":158,"loc":{"start":{"line":158,"column":9},"end":{"line":158,"column":35}}},"11":{"name":"logErrStack","line":168,"loc":{"start":{"line":168,"column":14},"end":{"line":168,"column":36}}},"12":{"name":"(anonymous_12)","line":171,"loc":{"start":{"line":171,"column":22},"end":{"line":171,"column":36}}},"13":{"name":"abort","line":182,"loc":{"start":{"line":182,"column":8},"end":{"line":182,"column":33}}},"14":{"name":"finish","line":205,"loc":{"start":{"line":205,"column":9},"end":{"line":205,"column":26}}},"15":{"name":"augment","line":228,"loc":{"start":{"line":228,"column":0},"end":{"line":228,"column":35}}},"16":{"name":"(anonymous_16)","line":284,"loc":{"start":{"line":284,"column":30},"end":{"line":284,"column":49}}},"17":{"name":"(anonymous_17)","line":292,"loc":{"start":{"line":292,"column":22},"end":{"line":292,"column":40}}},"18":{"name":"setup","line":310,"loc":{"start":{"line":310,"column":0},"end":{"line":310,"column":24}}}},"statementMap":{"1":{"start":{"line":4,"column":0},"end":{"line":8,"column":69}},"2":{"start":{"line":14,"column":0},"end":{"line":14,"column":66}},"3":{"start":{"line":14,"column":20},"end":{"line":14,"column":64}},"4":{"start":{"line":15,"column":0},"end":{"line":15,"column":66}},"5":{"start":{"line":15,"column":20},"end":{"line":15,"column":64}},"6":{"start":{"line":16,"column":0},"end":{"line":16,"column":66}},"7":{"start":{"line":16,"column":20},"end":{"line":16,"column":64}},"8":{"start":{"line":17,"column":0},"end":{"line":17,"column":66}},"9":{"start":{"line":17,"column":20},"end":{"line":17,"column":64}},"10":{"start":{"line":18,"column":0},"end":{"line":18,"column":66}},"11":{"start":{"line":18,"column":20},"end":{"line":18,"column":64}},"12":{"start":{"line":26,"column":0},"end":{"line":26,"column":73}},"13":{"start":{"line":32,"column":0},"end":{"line":218,"column":2}},"14":{"start":{"line":39,"column":2},"end":{"line":42,"column":3}},"15":{"start":{"line":40,"column":3},"end":{"line":40,"column":33}},"16":{"start":{"line":41,"column":3},"end":{"line":41,"column":32}},"17":{"start":{"line":44,"column":2},"end":{"line":48,"column":63}},"18":{"start":{"line":45,"column":3},"end":{"line":48,"column":63}},"19":{"start":{"line":51,"column":2},"end":{"line":52,"column":26}},"20":{"start":{"line":52,"column":3},"end":{"line":52,"column":26}},"21":{"start":{"line":55,"column":2},"end":{"line":55,"column":49}},"22":{"start":{"line":58,"column":2},"end":{"line":82,"column":63}},"23":{"start":{"line":61,"column":3},"end":{"line":69,"column":4}},"24":{"start":{"line":64,"column":4},"end":{"line":65,"column":60}},"25":{"start":{"line":65,"column":5},"end":{"line":65,"column":60}},"26":{"start":{"line":68,"column":4},"end":{"line":69,"column":3}},"27":{"start":{"line":71,"column":3},"end":{"line":71,"column":67}},"28":{"start":{"line":71,"column":32},"end":{"line":71,"column":67}},"29":{"start":{"line":73,"column":3},"end":{"line":73,"column":17}},"30":{"start":{"line":76,"column":3},"end":{"line":76,"column":70}},"31":{"start":{"line":76,"column":19},"end":{"line":76,"column":70}},"32":{"start":{"line":79,"column":3},"end":{"line":79,"column":29}},"33":{"start":{"line":82,"column":7},"end":{"line":82,"column":63}},"34":{"start":{"line":91,"column":2},"end":{"line":91,"column":34}},"35":{"start":{"line":104,"column":2},"end":{"line":108,"column":3}},"36":{"start":{"line":105,"column":3},"end":{"line":106,"column":45}},"37":{"start":{"line":107,"column":3},"end":{"line":107,"column":19}},"38":{"start":{"line":110,"column":2},"end":{"line":110,"column":27}},"39":{"start":{"line":112,"column":2},"end":{"line":112,"column":26}},"40":{"start":{"line":116,"column":2},"end":{"line":118,"column":61}},"41":{"start":{"line":117,"column":3},"end":{"line":118,"column":61}},"42":{"start":{"line":121,"column":2},"end":{"line":121,"column":53}},"43":{"start":{"line":121,"column":29},"end":{"line":121,"column":53}},"44":{"start":{"line":124,"column":2},"end":{"line":124,"column":15}},"45":{"start":{"line":126,"column":2},"end":{"line":126,"column":40}},"46":{"start":{"line":126,"column":22},"end":{"line":126,"column":40}},"47":{"start":{"line":128,"column":2},"end":{"line":128,"column":23}},"48":{"start":{"line":142,"column":2},"end":{"line":142,"column":27}},"49":{"start":{"line":144,"column":2},"end":{"line":144,"column":42}},"50":{"start":{"line":144,"column":23},"end":{"line":144,"column":42}},"51":{"start":{"line":147,"column":2},"end":{"line":147,"column":16}},"52":{"start":{"line":149,"column":2},"end":{"line":149,"column":23}},"53":{"start":{"line":159,"column":2},"end":{"line":159,"column":61}},"54":{"start":{"line":169,"column":2},"end":{"line":169,"column":18}},"55":{"start":{"line":170,"column":2},"end":{"line":170,"column":33}},"56":{"start":{"line":171,"column":2},"end":{"line":171,"column":59}},"57":{"start":{"line":171,"column":38},"end":{"line":171,"column":55}},"58":{"start":{"line":172,"column":2},"end":{"line":172,"column":33}},"59":{"start":{"line":172,"column":34},"end":{"line":172,"column":50}},"60":{"start":{"line":183,"column":2},"end":{"line":183,"column":30}},"61":{"start":{"line":184,"column":2},"end":{"line":184,"column":55}},"62":{"start":{"line":186,"column":2},"end":{"line":186,"column":62}},"63":{"start":{"line":188,"column":2},"end":{"line":193,"column":3}},"64":{"start":{"line":189,"column":3},"end":{"line":189,"column":60}},"65":{"start":{"line":190,"column":3},"end":{"line":190,"column":64}},"66":{"start":{"line":191,"column":3},"end":{"line":191,"column":32}},"67":{"start":{"line":192,"column":3},"end":{"line":192,"column":24}},"68":{"start":{"line":195,"column":2},"end":{"line":197,"column":2}},"69":{"start":{"line":197,"column":2},"end":{"line":197,"column":41}},"70":{"start":{"line":197,"column":19},"end":{"line":197,"column":41}},"71":{"start":{"line":206,"column":2},"end":{"line":206,"column":30}},"72":{"start":{"line":207,"column":2},"end":{"line":207,"column":55}},"73":{"start":{"line":209,"column":2},"end":{"line":211,"column":50}},"74":{"start":{"line":210,"column":3},"end":{"line":211,"column":50}},"75":{"start":{"line":213,"column":2},"end":{"line":215,"column":2}},"76":{"start":{"line":215,"column":2},"end":{"line":215,"column":43}},"77":{"start":{"line":215,"column":20},"end":{"line":215,"column":43}},"78":{"start":{"line":228,"column":0},"end":{"line":300,"column":1}},"79":{"start":{"line":229,"column":1},"end":{"line":229,"column":36}},"80":{"start":{"line":233,"column":1},"end":{"line":233,"column":54}},"81":{"start":{"line":233,"column":16},"end":{"line":233,"column":54}},"82":{"start":{"line":234,"column":1},"end":{"line":234,"column":77}},"83":{"start":{"line":234,"column":37},"end":{"line":234,"column":77}},"84":{"start":{"line":235,"column":1},"end":{"line":235,"column":53}},"85":{"start":{"line":235,"column":13},"end":{"line":235,"column":53}},"86":{"start":{"line":236,"column":1},"end":{"line":236,"column":67}},"87":{"start":{"line":236,"column":32},"end":{"line":236,"column":67}},"88":{"start":{"line":237,"column":1},"end":{"line":238,"column":71}},"89":{"start":{"line":238,"column":2},"end":{"line":238,"column":71}},"90":{"start":{"line":239,"column":1},"end":{"line":240,"column":74}},"91":{"start":{"line":240,"column":2},"end":{"line":240,"column":74}},"92":{"start":{"line":243,"column":1},"end":{"line":259,"column":3}},"93":{"start":{"line":263,"column":1},"end":{"line":263,"column":53}},"94":{"start":{"line":263,"column":27},"end":{"line":263,"column":53}},"95":{"start":{"line":267,"column":1},"end":{"line":267,"column":42}},"96":{"start":{"line":270,"column":1},"end":{"line":271,"column":58}},"97":{"start":{"line":271,"column":2},"end":{"line":271,"column":58}},"98":{"start":{"line":274,"column":1},"end":{"line":275,"column":52}},"99":{"start":{"line":275,"column":2},"end":{"line":275,"column":52}},"100":{"start":{"line":284,"column":1},"end":{"line":286,"column":3}},"101":{"start":{"line":285,"column":2},"end":{"line":285,"column":72}},"102":{"start":{"line":289,"column":1},"end":{"line":295,"column":2}},"103":{"start":{"line":290,"column":2},"end":{"line":290,"column":38}},"104":{"start":{"line":292,"column":2},"end":{"line":294,"column":5}},"105":{"start":{"line":293,"column":3},"end":{"line":293,"column":40}},"106":{"start":{"line":297,"column":1},"end":{"line":297,"column":38}},"107":{"start":{"line":299,"column":1},"end":{"line":299,"column":18}},"108":{"start":{"line":310,"column":0},"end":{"line":333,"column":1}},"109":{"start":{"line":312,"column":1},"end":{"line":312,"column":42}},"110":{"start":{"line":312,"column":15},"end":{"line":312,"column":42}},"111":{"start":{"line":313,"column":1},"end":{"line":313,"column":71}},"112":{"start":{"line":313,"column":34},"end":{"line":313,"column":71}},"113":{"start":{"line":316,"column":1},"end":{"line":316,"column":35}},"114":{"start":{"line":318,"column":1},"end":{"line":318,"column":45}},"115":{"start":{"line":319,"column":1},"end":{"line":319,"column":41}},"116":{"start":{"line":321,"column":1},"end":{"line":321,"column":18}},"117":{"start":{"line":324,"column":1},"end":{"line":324,"column":34}},"118":{"start":{"line":326,"column":1},"end":{"line":326,"column":33}},"119":{"start":{"line":327,"column":1},"end":{"line":327,"column":23}},"120":{"start":{"line":328,"column":1},"end":{"line":328,"column":63}},"121":{"start":{"line":328,"column":37},"end":{"line":328,"column":63}},"122":{"start":{"line":330,"column":1},"end":{"line":330,"column":49}},"123":{"start":{"line":332,"column":1},"end":{"line":332,"column":17}},"124":{"start":{"line":335,"column":0},"end":{"line":335,"column":52}}},"branchMap":{"1":{"line":39,"type":"if","locations":[{"start":{"line":39,"column":2},"end":{"line":39,"column":2}},{"start":{"line":39,"column":2},"end":{"line":39,"column":2}}]},"2":{"line":39,"type":"binary-expr","locations":[{"start":{"line":39,"column":5},"end":{"line":39,"column":19}},{"start":{"line":39,"column":23},"end":{"line":39,"column":54}}]},"3":{"line":44,"type":"if","locations":[{"start":{"line":44,"column":2},"end":{"line":44,"column":2}},{"start":{"line":44,"column":2},"end":{"line":44,"column":2}}]},"4":{"line":44,"type":"binary-expr","locations":[{"start":{"line":44,"column":5},"end":{"line":44,"column":19}},{"start":{"line":44,"column":23},"end":{"line":44,"column":48}}]},"5":{"line":46,"type":"cond-expr","locations":[{"start":{"line":46,"column":20},"end":{"line":46,"column":43}},{"start":{"line":46,"column":46},"end":{"line":46,"column":48}}]},"6":{"line":51,"type":"if","locations":[{"start":{"line":51,"column":2},"end":{"line":51,"column":2}},{"start":{"line":51,"column":2},"end":{"line":51,"column":2}}]},"7":{"line":58,"type":"if","locations":[{"start":{"line":58,"column":2},"end":{"line":58,"column":2}},{"start":{"line":58,"column":2},"end":{"line":58,"column":2}}]},"8":{"line":58,"type":"binary-expr","locations":[{"start":{"line":58,"column":5},"end":{"line":58,"column":21}},{"start":{"line":58,"column":25},"end":{"line":58,"column":63}}]},"9":{"line":61,"type":"if","locations":[{"start":{"line":61,"column":3},"end":{"line":61,"column":3}},{"start":{"line":61,"column":3},"end":{"line":61,"column":3}}]},"10":{"line":64,"type":"if","locations":[{"start":{"line":64,"column":4},"end":{"line":64,"column":4}},{"start":{"line":64,"column":4},"end":{"line":64,"column":4}}]},"11":{"line":71,"type":"if","locations":[{"start":{"line":71,"column":3},"end":{"line":71,"column":3}},{"start":{"line":71,"column":3},"end":{"line":71,"column":3}}]},"12":{"line":76,"type":"if","locations":[{"start":{"line":76,"column":3},"end":{"line":76,"column":3}},{"start":{"line":76,"column":3},"end":{"line":76,"column":3}}]},"13":{"line":104,"type":"if","locations":[{"start":{"line":104,"column":2},"end":{"line":104,"column":2}},{"start":{"line":104,"column":2},"end":{"line":104,"column":2}}]},"14":{"line":105,"type":"cond-expr","locations":[{"start":{"line":105,"column":31},"end":{"line":105,"column":53}},{"start":{"line":105,"column":56},"end":{"line":105,"column":58}}]},"15":{"line":106,"type":"cond-expr","locations":[{"start":{"line":106,"column":14},"end":{"line":106,"column":35}},{"start":{"line":106,"column":39},"end":{"line":106,"column":41}}]},"16":{"line":116,"type":"if","locations":[{"start":{"line":116,"column":2},"end":{"line":116,"column":2}},{"start":{"line":116,"column":2},"end":{"line":116,"column":2}}]},"17":{"line":121,"type":"if","locations":[{"start":{"line":121,"column":2},"end":{"line":121,"column":2}},{"start":{"line":121,"column":2},"end":{"line":121,"column":2}}]},"18":{"line":126,"type":"if","locations":[{"start":{"line":126,"column":2},"end":{"line":126,"column":2}},{"start":{"line":126,"column":2},"end":{"line":126,"column":2}}]},"19":{"line":144,"type":"if","locations":[{"start":{"line":144,"column":2},"end":{"line":144,"column":2}},{"start":{"line":144,"column":2},"end":{"line":144,"column":2}}]},"20":{"line":159,"type":"binary-expr","locations":[{"start":{"line":159,"column":28},"end":{"line":159,"column":32}},{"start":{"line":159,"column":36},"end":{"line":159,"column":38}}]},"21":{"line":159,"type":"binary-expr","locations":[{"start":{"line":159,"column":47},"end":{"line":159,"column":50}},{"start":{"line":159,"column":54},"end":{"line":159,"column":56}}]},"22":{"line":186,"type":"binary-expr","locations":[{"start":{"line":186,"column":35},"end":{"line":186,"column":39}},{"start":{"line":186,"column":43},"end":{"line":186,"column":45}}]},"23":{"line":186,"type":"binary-expr","locations":[{"start":{"line":186,"column":49},"end":{"line":186,"column":52}},{"start":{"line":186,"column":57},"end":{"line":186,"column":59}}]},"24":{"line":188,"type":"if","locations":[{"start":{"line":188,"column":2},"end":{"line":188,"column":2}},{"start":{"line":188,"column":2},"end":{"line":188,"column":2}}]},"25":{"line":189,"type":"cond-expr","locations":[{"start":{"line":189,"column":28},"end":{"line":189,"column":52}},{"start":{"line":189,"column":55},"end":{"line":189,"column":57}}]},"26":{"line":197,"type":"if","locations":[{"start":{"line":197,"column":2},"end":{"line":197,"column":2}},{"start":{"line":197,"column":2},"end":{"line":197,"column":2}}]},"27":{"line":209,"type":"if","locations":[{"start":{"line":209,"column":2},"end":{"line":209,"column":2}},{"start":{"line":209,"column":2},"end":{"line":209,"column":2}}]},"28":{"line":215,"type":"if","locations":[{"start":{"line":215,"column":2},"end":{"line":215,"column":2}},{"start":{"line":215,"column":2},"end":{"line":215,"column":2}}]},"29":{"line":229,"type":"binary-expr","locations":[{"start":{"line":229,"column":13},"end":{"line":229,"column":22}},{"start":{"line":229,"column":26},"end":{"line":229,"column":35}}]},"30":{"line":233,"type":"if","locations":[{"start":{"line":233,"column":1},"end":{"line":233,"column":1}},{"start":{"line":233,"column":1},"end":{"line":233,"column":1}}]},"31":{"line":234,"type":"if","locations":[{"start":{"line":234,"column":1},"end":{"line":234,"column":1}},{"start":{"line":234,"column":1},"end":{"line":234,"column":1}}]},"32":{"line":235,"type":"if","locations":[{"start":{"line":235,"column":1},"end":{"line":235,"column":1}},{"start":{"line":235,"column":1},"end":{"line":235,"column":1}}]},"33":{"line":236,"type":"if","locations":[{"start":{"line":236,"column":1},"end":{"line":236,"column":1}},{"start":{"line":236,"column":1},"end":{"line":236,"column":1}}]},"34":{"line":237,"type":"if","locations":[{"start":{"line":237,"column":1},"end":{"line":237,"column":1}},{"start":{"line":237,"column":1},"end":{"line":237,"column":1}}]},"35":{"line":239,"type":"if","locations":[{"start":{"line":239,"column":1},"end":{"line":239,"column":1}},{"start":{"line":239,"column":1},"end":{"line":239,"column":1}}]},"36":{"line":247,"type":"binary-expr","locations":[{"start":{"line":247,"column":14},"end":{"line":247,"column":31}},{"start":{"line":247,"column":35},"end":{"line":247,"column":41}}]},"37":{"line":248,"type":"binary-expr","locations":[{"start":{"line":248,"column":17},"end":{"line":248,"column":37}},{"start":{"line":248,"column":41},"end":{"line":248,"column":44}}]},"38":{"line":250,"type":"binary-expr","locations":[{"start":{"line":250,"column":8},"end":{"line":250,"column":19}},{"start":{"line":250,"column":23},"end":{"line":250,"column":25}}]},"39":{"line":251,"type":"binary-expr","locations":[{"start":{"line":251,"column":9},"end":{"line":251,"column":21}},{"start":{"line":251,"column":25},"end":{"line":251,"column":32}}]},"40":{"line":255,"type":"binary-expr","locations":[{"start":{"line":255,"column":14},"end":{"line":255,"column":31}},{"start":{"line":255,"column":35},"end":{"line":255,"column":47}}]},"41":{"line":257,"type":"binary-expr","locations":[{"start":{"line":257,"column":12},"end":{"line":257,"column":27}},{"start":{"line":257,"column":31},"end":{"line":257,"column":33}}]},"42":{"line":258,"type":"binary-expr","locations":[{"start":{"line":258,"column":19},"end":{"line":258,"column":41}},{"start":{"line":258,"column":45},"end":{"line":258,"column":50}}]},"43":{"line":263,"type":"if","locations":[{"start":{"line":263,"column":1},"end":{"line":263,"column":1}},{"start":{"line":263,"column":1},"end":{"line":263,"column":1}}]},"44":{"line":285,"type":"cond-expr","locations":[{"start":{"line":285,"column":59},"end":{"line":285,"column":64}},{"start":{"line":285,"column":67},"end":{"line":285,"column":71}}]},"45":{"line":289,"type":"if","locations":[{"start":{"line":289,"column":1},"end":{"line":289,"column":1}},{"start":{"line":289,"column":1},"end":{"line":289,"column":1}}]},"46":{"line":312,"type":"if","locations":[{"start":{"line":312,"column":1},"end":{"line":312,"column":1}},{"start":{"line":312,"column":1},"end":{"line":312,"column":1}}]},"47":{"line":313,"type":"if","locations":[{"start":{"line":313,"column":1},"end":{"line":313,"column":1}},{"start":{"line":313,"column":1},"end":{"line":313,"column":1}}]}}}}