{"C:\\dev\\f_\\index.js":{"path":"C:\\dev\\f_\\index.js","s":{"1":1,"2":1},"b":{},"f":{},"fnMap":{},"statementMap":{"1":{"start":{"line":1,"column":0},"end":{"line":1,"column":28}},"2":{"start":{"line":3,"column":0},"end":{"line":3,"column":40}}},"branchMap":{}},"C:\\dev\\f_\\lib\\f_.js":{"path":"C:\\dev\\f_\\lib\\f_.js","s":{"1":1,"2":1,"3":37,"4":1,"5":75,"6":1,"7":3,"8":1,"9":39,"10":1,"11":6,"12":1,"13":1,"14":60,"15":16,"16":16,"17":60,"18":31,"19":60,"20":6,"21":54,"22":54,"23":53,"24":9,"25":3,"26":6,"27":50,"28":39,"29":50,"30":50,"31":47,"32":50,"33":1,"34":1,"35":23,"36":22,"37":22,"38":23,"39":23,"40":23,"41":2,"42":21,"43":1,"44":21,"45":21,"46":20,"47":21,"48":2,"49":2,"50":1,"51":2,"52":2,"53":35,"54":8,"55":8,"56":8,"57":32,"58":8,"59":8,"60":10,"61":10,"62":10,"63":10,"64":8,"65":8,"66":8,"67":8,"68":10,"69":9,"70":6,"71":6,"72":6,"73":3,"74":6,"75":5,"76":1,"77":22,"78":22,"79":1,"80":21,"81":1,"82":20,"83":1,"84":19,"85":1,"86":18,"87":1,"88":17,"89":1,"90":16,"91":16,"92":1,"93":16,"94":16,"95":128,"96":16,"97":128,"98":16,"99":142,"100":16,"101":11,"102":11,"103":66,"104":16,"105":16,"106":1,"107":16,"108":16,"109":16,"110":16,"111":16,"112":16,"113":16,"114":9,"115":16,"116":16,"117":1},"b":{"1":[16,44],"2":[60,37],"3":[31,29],"4":[60,37],"5":[3,28],"6":[6,54],"7":[53,1],"8":[54,53],"9":[9,44],"10":[3,6],"11":[39,11],"12":[47,3],"13":[22,1],"14":[11,11],"15":[11,11],"16":[2,21],"17":[1,20],"18":[20,1],"19":[1,1],"20":[35,13],"21":[35,13],"22":[10,2],"23":[10,6],"24":[8,2],"25":[6,2],"26":[9,1],"27":[3,3],"28":[5,1],"29":[22,1],"30":[1,21],"31":[1,20],"32":[1,19],"33":[1,18],"34":[1,17],"35":[1,16],"36":[16,16],"37":[16,16],"38":[16,12],"39":[16,8],"40":[16,11],"41":[16,13],"42":[16,14],"43":[1,15],"44":[28,114],"45":[11,5]},"f":{"1":37,"2":75,"3":3,"4":39,"5":6,"6":60,"7":1,"8":23,"9":2,"10":35,"11":8,"12":10,"13":6,"14":22,"15":142,"16":16},"fnMap":{"1":{"name":"GREEN","line":14,"loc":{"start":{"line":14,"column":0},"end":{"line":14,"column":17}}},"2":{"name":"RED","line":15,"loc":{"start":{"line":15,"column":0},"end":{"line":15,"column":15}}},"3":{"name":"BLUE","line":16,"loc":{"start":{"line":16,"column":0},"end":{"line":16,"column":16}}},"4":{"name":"YELLOW","line":17,"loc":{"start":{"line":17,"column":0},"end":{"line":17,"column":18}}},"5":{"name":"WHITE","line":18,"loc":{"start":{"line":18,"column":0},"end":{"line":18,"column":17}}},"6":{"name":"next","line":37,"loc":{"start":{"line":37,"column":7},"end":{"line":37,"column":22}}},"7":{"name":"resetNamespace","line":90,"loc":{"start":{"line":90,"column":17},"end":{"line":90,"column":42}}},"8":{"name":"retryAll","line":102,"loc":{"start":{"line":102,"column":11},"end":{"line":102,"column":39}}},"9":{"name":"retryThis","line":140,"loc":{"start":{"line":140,"column":12},"end":{"line":140,"column":41}}},"10":{"name":"addErr","line":158,"loc":{"start":{"line":158,"column":9},"end":{"line":158,"column":35}}},"11":{"name":"logErrStack","line":168,"loc":{"start":{"line":168,"column":14},"end":{"line":168,"column":36}}},"12":{"name":"abort","line":182,"loc":{"start":{"line":182,"column":8},"end":{"line":182,"column":33}}},"13":{"name":"finish","line":202,"loc":{"start":{"line":202,"column":9},"end":{"line":202,"column":26}}},"14":{"name":"augment","line":223,"loc":{"start":{"line":223,"column":0},"end":{"line":223,"column":35}}},"15":{"name":"(anonymous_15)","line":288,"loc":{"start":{"line":288,"column":30},"end":{"line":288,"column":49}}},"16":{"name":"setup","line":312,"loc":{"start":{"line":312,"column":0},"end":{"line":312,"column":24}}}},"statementMap":{"1":{"start":{"line":4,"column":0},"end":{"line":8,"column":69}},"2":{"start":{"line":14,"column":0},"end":{"line":14,"column":66}},"3":{"start":{"line":14,"column":20},"end":{"line":14,"column":64}},"4":{"start":{"line":15,"column":0},"end":{"line":15,"column":66}},"5":{"start":{"line":15,"column":20},"end":{"line":15,"column":64}},"6":{"start":{"line":16,"column":0},"end":{"line":16,"column":66}},"7":{"start":{"line":16,"column":20},"end":{"line":16,"column":64}},"8":{"start":{"line":17,"column":0},"end":{"line":17,"column":66}},"9":{"start":{"line":17,"column":20},"end":{"line":17,"column":64}},"10":{"start":{"line":18,"column":0},"end":{"line":18,"column":66}},"11":{"start":{"line":18,"column":20},"end":{"line":18,"column":64}},"12":{"start":{"line":26,"column":0},"end":{"line":26,"column":77}},"13":{"start":{"line":32,"column":0},"end":{"line":213,"column":2}},"14":{"start":{"line":39,"column":2},"end":{"line":42,"column":3}},"15":{"start":{"line":40,"column":3},"end":{"line":40,"column":33}},"16":{"start":{"line":41,"column":3},"end":{"line":41,"column":32}},"17":{"start":{"line":44,"column":2},"end":{"line":48,"column":63}},"18":{"start":{"line":45,"column":3},"end":{"line":48,"column":63}},"19":{"start":{"line":51,"column":2},"end":{"line":52,"column":26}},"20":{"start":{"line":52,"column":3},"end":{"line":52,"column":26}},"21":{"start":{"line":55,"column":2},"end":{"line":55,"column":49}},"22":{"start":{"line":58,"column":2},"end":{"line":82,"column":63}},"23":{"start":{"line":61,"column":3},"end":{"line":69,"column":4}},"24":{"start":{"line":64,"column":4},"end":{"line":65,"column":60}},"25":{"start":{"line":65,"column":5},"end":{"line":65,"column":60}},"26":{"start":{"line":68,"column":4},"end":{"line":69,"column":3}},"27":{"start":{"line":71,"column":3},"end":{"line":71,"column":67}},"28":{"start":{"line":71,"column":32},"end":{"line":71,"column":67}},"29":{"start":{"line":73,"column":3},"end":{"line":73,"column":17}},"30":{"start":{"line":76,"column":3},"end":{"line":76,"column":70}},"31":{"start":{"line":76,"column":19},"end":{"line":76,"column":70}},"32":{"start":{"line":79,"column":3},"end":{"line":79,"column":29}},"33":{"start":{"line":82,"column":7},"end":{"line":82,"column":63}},"34":{"start":{"line":91,"column":2},"end":{"line":91,"column":34}},"35":{"start":{"line":104,"column":2},"end":{"line":108,"column":3}},"36":{"start":{"line":105,"column":3},"end":{"line":106,"column":45}},"37":{"start":{"line":107,"column":3},"end":{"line":107,"column":19}},"38":{"start":{"line":110,"column":2},"end":{"line":110,"column":27}},"39":{"start":{"line":112,"column":2},"end":{"line":112,"column":26}},"40":{"start":{"line":116,"column":2},"end":{"line":118,"column":61}},"41":{"start":{"line":117,"column":3},"end":{"line":118,"column":61}},"42":{"start":{"line":121,"column":2},"end":{"line":121,"column":53}},"43":{"start":{"line":121,"column":29},"end":{"line":121,"column":53}},"44":{"start":{"line":124,"column":2},"end":{"line":124,"column":15}},"45":{"start":{"line":126,"column":2},"end":{"line":126,"column":40}},"46":{"start":{"line":126,"column":22},"end":{"line":126,"column":40}},"47":{"start":{"line":128,"column":2},"end":{"line":128,"column":23}},"48":{"start":{"line":142,"column":2},"end":{"line":142,"column":27}},"49":{"start":{"line":144,"column":2},"end":{"line":144,"column":42}},"50":{"start":{"line":144,"column":23},"end":{"line":144,"column":42}},"51":{"start":{"line":147,"column":2},"end":{"line":147,"column":16}},"52":{"start":{"line":149,"column":2},"end":{"line":149,"column":23}},"53":{"start":{"line":159,"column":2},"end":{"line":159,"column":61}},"54":{"start":{"line":169,"column":2},"end":{"line":169,"column":18}},"55":{"start":{"line":169,"column":19},"end":{"line":169,"column":50}},"56":{"start":{"line":170,"column":2},"end":{"line":171,"column":31}},"57":{"start":{"line":171,"column":3},"end":{"line":171,"column":31}},"58":{"start":{"line":172,"column":2},"end":{"line":172,"column":33}},"59":{"start":{"line":172,"column":34},"end":{"line":172,"column":50}},"60":{"start":{"line":183,"column":2},"end":{"line":183,"column":30}},"61":{"start":{"line":184,"column":2},"end":{"line":184,"column":55}},"62":{"start":{"line":186,"column":2},"end":{"line":186,"column":62}},"63":{"start":{"line":188,"column":2},"end":{"line":193,"column":3}},"64":{"start":{"line":189,"column":3},"end":{"line":189,"column":60}},"65":{"start":{"line":190,"column":3},"end":{"line":190,"column":64}},"66":{"start":{"line":191,"column":3},"end":{"line":191,"column":32}},"67":{"start":{"line":192,"column":3},"end":{"line":192,"column":24}},"68":{"start":{"line":194,"column":2},"end":{"line":194,"column":41}},"69":{"start":{"line":194,"column":19},"end":{"line":194,"column":41}},"70":{"start":{"line":203,"column":2},"end":{"line":203,"column":30}},"71":{"start":{"line":204,"column":2},"end":{"line":204,"column":55}},"72":{"start":{"line":206,"column":2},"end":{"line":208,"column":50}},"73":{"start":{"line":207,"column":3},"end":{"line":208,"column":50}},"74":{"start":{"line":210,"column":2},"end":{"line":210,"column":43}},"75":{"start":{"line":210,"column":20},"end":{"line":210,"column":43}},"76":{"start":{"line":223,"column":0},"end":{"line":302,"column":1}},"77":{"start":{"line":224,"column":1},"end":{"line":224,"column":36}},"78":{"start":{"line":228,"column":1},"end":{"line":229,"column":40}},"79":{"start":{"line":229,"column":2},"end":{"line":229,"column":40}},"80":{"start":{"line":231,"column":1},"end":{"line":232,"column":42}},"81":{"start":{"line":232,"column":2},"end":{"line":232,"column":42}},"82":{"start":{"line":234,"column":1},"end":{"line":235,"column":42}},"83":{"start":{"line":235,"column":2},"end":{"line":235,"column":42}},"84":{"start":{"line":237,"column":1},"end":{"line":238,"column":37}},"85":{"start":{"line":238,"column":2},"end":{"line":238,"column":37}},"86":{"start":{"line":240,"column":1},"end":{"line":241,"column":71}},"87":{"start":{"line":241,"column":2},"end":{"line":241,"column":71}},"88":{"start":{"line":243,"column":1},"end":{"line":244,"column":74}},"89":{"start":{"line":244,"column":2},"end":{"line":244,"column":74}},"90":{"start":{"line":247,"column":1},"end":{"line":263,"column":3}},"91":{"start":{"line":267,"column":1},"end":{"line":267,"column":57}},"92":{"start":{"line":267,"column":29},"end":{"line":267,"column":57}},"93":{"start":{"line":271,"column":1},"end":{"line":271,"column":42}},"94":{"start":{"line":274,"column":1},"end":{"line":275,"column":60}},"95":{"start":{"line":275,"column":2},"end":{"line":275,"column":60}},"96":{"start":{"line":278,"column":1},"end":{"line":279,"column":54}},"97":{"start":{"line":279,"column":2},"end":{"line":279,"column":54}},"98":{"start":{"line":288,"column":1},"end":{"line":290,"column":3}},"99":{"start":{"line":289,"column":2},"end":{"line":289,"column":72}},"100":{"start":{"line":293,"column":1},"end":{"line":297,"column":2}},"101":{"start":{"line":294,"column":2},"end":{"line":294,"column":38}},"102":{"start":{"line":295,"column":2},"end":{"line":296,"column":51}},"103":{"start":{"line":296,"column":3},"end":{"line":296,"column":51}},"104":{"start":{"line":299,"column":1},"end":{"line":299,"column":38}},"105":{"start":{"line":301,"column":1},"end":{"line":301,"column":18}},"106":{"start":{"line":312,"column":0},"end":{"line":330,"column":1}},"107":{"start":{"line":315,"column":1},"end":{"line":315,"column":35}},"108":{"start":{"line":317,"column":1},"end":{"line":317,"column":45}},"109":{"start":{"line":318,"column":1},"end":{"line":318,"column":41}},"110":{"start":{"line":320,"column":1},"end":{"line":320,"column":18}},"111":{"start":{"line":322,"column":1},"end":{"line":322,"column":33}},"112":{"start":{"line":324,"column":1},"end":{"line":324,"column":23}},"113":{"start":{"line":325,"column":1},"end":{"line":325,"column":63}},"114":{"start":{"line":325,"column":37},"end":{"line":325,"column":63}},"115":{"start":{"line":327,"column":1},"end":{"line":327,"column":49}},"116":{"start":{"line":329,"column":1},"end":{"line":329,"column":17}},"117":{"start":{"line":332,"column":0},"end":{"line":332,"column":52}}},"branchMap":{"1":{"line":39,"type":"if","locations":[{"start":{"line":39,"column":2},"end":{"line":39,"column":2}},{"start":{"line":39,"column":2},"end":{"line":39,"column":2}}]},"2":{"line":39,"type":"binary-expr","locations":[{"start":{"line":39,"column":5},"end":{"line":39,"column":19}},{"start":{"line":39,"column":23},"end":{"line":39,"column":54}}]},"3":{"line":44,"type":"if","locations":[{"start":{"line":44,"column":2},"end":{"line":44,"column":2}},{"start":{"line":44,"column":2},"end":{"line":44,"column":2}}]},"4":{"line":44,"type":"binary-expr","locations":[{"start":{"line":44,"column":5},"end":{"line":44,"column":19}},{"start":{"line":44,"column":23},"end":{"line":44,"column":48}}]},"5":{"line":46,"type":"cond-expr","locations":[{"start":{"line":46,"column":20},"end":{"line":46,"column":43}},{"start":{"line":46,"column":46},"end":{"line":46,"column":48}}]},"6":{"line":51,"type":"if","locations":[{"start":{"line":51,"column":2},"end":{"line":51,"column":2}},{"start":{"line":51,"column":2},"end":{"line":51,"column":2}}]},"7":{"line":58,"type":"if","locations":[{"start":{"line":58,"column":2},"end":{"line":58,"column":2}},{"start":{"line":58,"column":2},"end":{"line":58,"column":2}}]},"8":{"line":58,"type":"binary-expr","locations":[{"start":{"line":58,"column":5},"end":{"line":58,"column":21}},{"start":{"line":58,"column":25},"end":{"line":58,"column":63}}]},"9":{"line":61,"type":"if","locations":[{"start":{"line":61,"column":3},"end":{"line":61,"column":3}},{"start":{"line":61,"column":3},"end":{"line":61,"column":3}}]},"10":{"line":64,"type":"if","locations":[{"start":{"line":64,"column":4},"end":{"line":64,"column":4}},{"start":{"line":64,"column":4},"end":{"line":64,"column":4}}]},"11":{"line":71,"type":"if","locations":[{"start":{"line":71,"column":3},"end":{"line":71,"column":3}},{"start":{"line":71,"column":3},"end":{"line":71,"column":3}}]},"12":{"line":76,"type":"if","locations":[{"start":{"line":76,"column":3},"end":{"line":76,"column":3}},{"start":{"line":76,"column":3},"end":{"line":76,"column":3}}]},"13":{"line":104,"type":"if","locations":[{"start":{"line":104,"column":2},"end":{"line":104,"column":2}},{"start":{"line":104,"column":2},"end":{"line":104,"column":2}}]},"14":{"line":105,"type":"cond-expr","locations":[{"start":{"line":105,"column":31},"end":{"line":105,"column":53}},{"start":{"line":105,"column":56},"end":{"line":105,"column":58}}]},"15":{"line":106,"type":"cond-expr","locations":[{"start":{"line":106,"column":14},"end":{"line":106,"column":35}},{"start":{"line":106,"column":39},"end":{"line":106,"column":41}}]},"16":{"line":116,"type":"if","locations":[{"start":{"line":116,"column":2},"end":{"line":116,"column":2}},{"start":{"line":116,"column":2},"end":{"line":116,"column":2}}]},"17":{"line":121,"type":"if","locations":[{"start":{"line":121,"column":2},"end":{"line":121,"column":2}},{"start":{"line":121,"column":2},"end":{"line":121,"column":2}}]},"18":{"line":126,"type":"if","locations":[{"start":{"line":126,"column":2},"end":{"line":126,"column":2}},{"start":{"line":126,"column":2},"end":{"line":126,"column":2}}]},"19":{"line":144,"type":"if","locations":[{"start":{"line":144,"column":2},"end":{"line":144,"column":2}},{"start":{"line":144,"column":2},"end":{"line":144,"column":2}}]},"20":{"line":159,"type":"binary-expr","locations":[{"start":{"line":159,"column":28},"end":{"line":159,"column":32}},{"start":{"line":159,"column":36},"end":{"line":159,"column":38}}]},"21":{"line":159,"type":"binary-expr","locations":[{"start":{"line":159,"column":47},"end":{"line":159,"column":50}},{"start":{"line":159,"column":54},"end":{"line":159,"column":56}}]},"22":{"line":186,"type":"binary-expr","locations":[{"start":{"line":186,"column":35},"end":{"line":186,"column":39}},{"start":{"line":186,"column":43},"end":{"line":186,"column":45}}]},"23":{"line":186,"type":"binary-expr","locations":[{"start":{"line":186,"column":49},"end":{"line":186,"column":52}},{"start":{"line":186,"column":57},"end":{"line":186,"column":59}}]},"24":{"line":188,"type":"if","locations":[{"start":{"line":188,"column":2},"end":{"line":188,"column":2}},{"start":{"line":188,"column":2},"end":{"line":188,"column":2}}]},"25":{"line":189,"type":"cond-expr","locations":[{"start":{"line":189,"column":28},"end":{"line":189,"column":52}},{"start":{"line":189,"column":55},"end":{"line":189,"column":57}}]},"26":{"line":194,"type":"if","locations":[{"start":{"line":194,"column":2},"end":{"line":194,"column":2}},{"start":{"line":194,"column":2},"end":{"line":194,"column":2}}]},"27":{"line":206,"type":"if","locations":[{"start":{"line":206,"column":2},"end":{"line":206,"column":2}},{"start":{"line":206,"column":2},"end":{"line":206,"column":2}}]},"28":{"line":210,"type":"if","locations":[{"start":{"line":210,"column":2},"end":{"line":210,"column":2}},{"start":{"line":210,"column":2},"end":{"line":210,"column":2}}]},"29":{"line":224,"type":"binary-expr","locations":[{"start":{"line":224,"column":13},"end":{"line":224,"column":22}},{"start":{"line":224,"column":26},"end":{"line":224,"column":35}}]},"30":{"line":228,"type":"if","locations":[{"start":{"line":228,"column":1},"end":{"line":228,"column":1}},{"start":{"line":228,"column":1},"end":{"line":228,"column":1}}]},"31":{"line":231,"type":"if","locations":[{"start":{"line":231,"column":1},"end":{"line":231,"column":1}},{"start":{"line":231,"column":1},"end":{"line":231,"column":1}}]},"32":{"line":234,"type":"if","locations":[{"start":{"line":234,"column":1},"end":{"line":234,"column":1}},{"start":{"line":234,"column":1},"end":{"line":234,"column":1}}]},"33":{"line":237,"type":"if","locations":[{"start":{"line":237,"column":1},"end":{"line":237,"column":1}},{"start":{"line":237,"column":1},"end":{"line":237,"column":1}}]},"34":{"line":240,"type":"if","locations":[{"start":{"line":240,"column":1},"end":{"line":240,"column":1}},{"start":{"line":240,"column":1},"end":{"line":240,"column":1}}]},"35":{"line":243,"type":"if","locations":[{"start":{"line":243,"column":1},"end":{"line":243,"column":1}},{"start":{"line":243,"column":1},"end":{"line":243,"column":1}}]},"36":{"line":251,"type":"binary-expr","locations":[{"start":{"line":251,"column":14},"end":{"line":251,"column":31}},{"start":{"line":251,"column":35},"end":{"line":251,"column":41}}]},"37":{"line":252,"type":"binary-expr","locations":[{"start":{"line":252,"column":17},"end":{"line":252,"column":37}},{"start":{"line":252,"column":41},"end":{"line":252,"column":44}}]},"38":{"line":254,"type":"binary-expr","locations":[{"start":{"line":254,"column":8},"end":{"line":254,"column":19}},{"start":{"line":254,"column":23},"end":{"line":254,"column":25}}]},"39":{"line":255,"type":"binary-expr","locations":[{"start":{"line":255,"column":9},"end":{"line":255,"column":21}},{"start":{"line":255,"column":25},"end":{"line":255,"column":32}}]},"40":{"line":259,"type":"binary-expr","locations":[{"start":{"line":259,"column":14},"end":{"line":259,"column":31}},{"start":{"line":259,"column":35},"end":{"line":259,"column":47}}]},"41":{"line":261,"type":"binary-expr","locations":[{"start":{"line":261,"column":12},"end":{"line":261,"column":27}},{"start":{"line":261,"column":31},"end":{"line":261,"column":33}}]},"42":{"line":262,"type":"binary-expr","locations":[{"start":{"line":262,"column":19},"end":{"line":262,"column":41}},{"start":{"line":262,"column":45},"end":{"line":262,"column":50}}]},"43":{"line":267,"type":"if","locations":[{"start":{"line":267,"column":1},"end":{"line":267,"column":1}},{"start":{"line":267,"column":1},"end":{"line":267,"column":1}}]},"44":{"line":289,"type":"cond-expr","locations":[{"start":{"line":289,"column":59},"end":{"line":289,"column":64}},{"start":{"line":289,"column":67},"end":{"line":289,"column":71}}]},"45":{"line":293,"type":"if","locations":[{"start":{"line":293,"column":1},"end":{"line":293,"column":1}},{"start":{"line":293,"column":1},"end":{"line":293,"column":1}}]}}}}