TN:
SF:C:\dev\f_\index.js
FNF:0
FNH:0
DA:1,1
LF:1
LH:1
BRF:0
BRH:0
end_of_record
TN:
SF:C:\dev\f_\lib\f_.js
FN:16,GREEN
FN:17,RED
FN:18,BLUE
FN:19,YELLOW
FN:20,WHITE
FN:28,next
FN:89,resetNamespace
FN:102,retryAll
FN:206,retryThis
FN:219,addErr
FN:230,logErrStack
FN:245,abort
FN:267,finish
FN:297,augment
FN:374,(anonymous_15)
FN:400,setup
FNF:16
FNH:16
FNDA:36,GREEN
FNDA:74,RED
FNDA:3,BLUE
FNDA:36,YELLOW
FNDA:5,WHITE
FNDA:55,next
FNDA:1,resetNamespace
FNDA:23,retryAll
FNDA:1,retryThis
FNDA:32,addErr
FNDA:7,logErrStack
FNDA:9,abort
FNDA:6,finish
FNDA:21,augment
FNDA:136,(anonymous_15)
FNDA:15,setup
DA:4,1
DA:16,36
DA:17,74
DA:18,3
DA:19,36
DA:20,5
DA:22,1
DA:30,55
DA:31,15
DA:32,15
DA:36,55
DA:37,30
DA:44,55
DA:45,6
DA:49,49
DA:54,49
DA:57,48
DA:61,3
DA:62,1
DA:64,2
DA:69,47
DA:71,47
DA:74,47
DA:76,47
DA:79,1
DA:90,1
DA:104,23
DA:105,22
DA:107,22
DA:110,23
DA:112,23
DA:115,23
DA:116,2
DA:120,21
DA:121,1
DA:124,21
DA:126,21
DA:128,21
DA:220,32
DA:231,7
DA:232,7
DA:233,29
DA:234,7
DA:246,9
DA:247,9
DA:249,9
DA:251,9
DA:252,7
DA:253,7
DA:254,7
DA:255,7
DA:258,9
DA:268,6
DA:269,6
DA:271,6
DA:272,3
DA:275,6
DA:286,1
DA:297,1
DA:298,21
DA:302,21
DA:303,1
DA:305,20
DA:306,1
DA:308,19
DA:309,1
DA:311,18
DA:312,1
DA:314,17
DA:315,1
DA:317,16
DA:318,1
DA:322,15
DA:345,15
DA:355,15
DA:359,15
DA:360,120
DA:363,15
DA:364,135
DA:374,15
DA:375,136
DA:380,15
DA:381,10
DA:382,10
DA:383,60
DA:386,15
DA:389,15
DA:400,1
DA:402,15
DA:404,15
DA:405,15
DA:407,15
DA:410,15
DA:416,15
DA:417,15
DA:419,15
DA:421,15
DA:424,1
LF:98
LH:98
BRDA:30,1,0,15
BRDA:30,1,1,40
BRDA:30,2,0,55
BRDA:30,2,1,36
BRDA:36,3,0,30
BRDA:36,3,1,25
BRDA:36,4,0,55
BRDA:36,4,1,36
BRDA:38,5,0,3
BRDA:38,5,1,27
BRDA:44,6,0,6
BRDA:44,6,1,49
BRDA:54,7,0,48
BRDA:54,7,1,1
BRDA:54,8,0,49
BRDA:54,8,1,48
BRDA:57,9,0,3
BRDA:57,9,1,45
BRDA:57,10,0,48
BRDA:57,10,1,3
BRDA:57,10,2,2
BRDA:61,11,0,1
BRDA:61,11,1,2
BRDA:69,12,0,36
BRDA:69,12,1,11
BRDA:74,13,0,44
BRDA:74,13,1,3
BRDA:104,14,0,22
BRDA:104,14,1,1
BRDA:105,15,0,11
BRDA:105,15,1,11
BRDA:106,16,0,11
BRDA:106,16,1,11
BRDA:115,17,0,2
BRDA:115,17,1,21
BRDA:120,18,0,1
BRDA:120,18,1,20
BRDA:126,19,0,20
BRDA:126,19,1,1
BRDA:220,20,0,32
BRDA:220,20,1,11
BRDA:220,21,0,32
BRDA:220,21,1,11
BRDA:249,22,0,9
BRDA:249,22,1,2
BRDA:249,23,0,9
BRDA:249,23,1,4
BRDA:251,24,0,7
BRDA:251,24,1,2
BRDA:252,25,0,5
BRDA:252,25,1,2
BRDA:258,26,0,8
BRDA:258,26,1,1
BRDA:271,27,0,3
BRDA:271,27,1,3
BRDA:275,28,0,5
BRDA:275,28,1,1
BRDA:298,29,0,21
BRDA:298,29,1,1
BRDA:302,30,0,1
BRDA:302,30,1,20
BRDA:305,31,0,1
BRDA:305,31,1,19
BRDA:308,32,0,1
BRDA:308,32,1,18
BRDA:311,33,0,1
BRDA:311,33,1,17
BRDA:314,34,0,1
BRDA:314,34,1,16
BRDA:317,35,0,1
BRDA:317,35,1,15
BRDA:323,36,0,15
BRDA:323,36,1,15
BRDA:324,37,0,15
BRDA:324,37,1,15
BRDA:326,38,0,15
BRDA:326,38,1,10
BRDA:327,39,0,15
BRDA:327,39,1,14
BRDA:329,40,0,15
BRDA:329,40,1,15
BRDA:330,41,0,15
BRDA:330,41,1,7
BRDA:335,42,0,15
BRDA:335,42,1,11
BRDA:337,43,0,15
BRDA:337,43,1,13
BRDA:345,44,0,1
BRDA:345,44,1,14
BRDA:375,45,0,28
BRDA:375,45,1,108
BRDA:380,46,0,10
BRDA:380,46,1,5
BRF:93
BRH:93
end_of_record
