TN:
SF:C:\dev\f_\index.js
FNF:0
FNH:0
DA:1,1
DA:3,1
LF:2
LH:2
BRF:0
BRH:0
end_of_record
TN:
SF:C:\dev\f_\lib\f_.js
FN:14,GREEN
FN:15,RED
FN:16,BLUE
FN:17,YELLOW
FN:18,WHITE
FN:37,next
FN:90,resetNamespace
FN:102,retryAll
FN:140,retryThis
FN:158,addErr
FN:168,logErrStack
FN:171,(anonymous_12)
FN:182,abort
FN:202,finish
FN:223,augment
FN:280,(anonymous_16)
FN:288,(anonymous_17)
FN:306,setup
FNF:18
FNH:18
FNDA:37,GREEN
FNDA:75,RED
FNDA:3,BLUE
FNDA:39,YELLOW
FNDA:6,WHITE
FNDA:60,next
FNDA:1,resetNamespace
FNDA:23,retryAll
FNDA:2,retryThis
FNDA:35,addErr
FNDA:8,logErrStack
FNDA:32,(anonymous_12)
FNDA:10,abort
FNDA:6,finish
FNDA:24,augment
FNDA:144,(anonymous_16)
FNDA:78,(anonymous_17)
FNDA:18,setup
DA:4,1
DA:14,37
DA:15,75
DA:16,3
DA:17,39
DA:18,6
DA:26,1
DA:32,1
DA:39,60
DA:40,16
DA:41,16
DA:44,60
DA:45,31
DA:51,60
DA:52,6
DA:55,54
DA:58,54
DA:61,53
DA:64,9
DA:65,3
DA:68,6
DA:71,50
DA:73,50
DA:76,50
DA:79,50
DA:82,1
DA:91,1
DA:104,23
DA:105,22
DA:107,22
DA:110,23
DA:112,23
DA:116,23
DA:117,2
DA:121,21
DA:124,21
DA:126,21
DA:128,21
DA:142,2
DA:144,2
DA:147,2
DA:149,2
DA:159,35
DA:169,8
DA:170,8
DA:171,32
DA:172,8
DA:183,10
DA:184,10
DA:186,10
DA:188,10
DA:189,8
DA:190,8
DA:191,8
DA:192,8
DA:194,10
DA:203,6
DA:204,6
DA:206,6
DA:207,3
DA:210,6
DA:223,1
DA:224,24
DA:228,24
DA:229,23
DA:230,22
DA:231,21
DA:232,20
DA:233,1
DA:234,19
DA:235,1
DA:239,18
DA:259,18
DA:263,18
DA:266,18
DA:267,144
DA:270,18
DA:271,144
DA:280,18
DA:281,144
DA:285,18
DA:286,13
DA:288,13
DA:289,78
DA:293,18
DA:295,18
DA:306,1
DA:308,18
DA:309,17
DA:312,16
DA:314,16
DA:315,16
DA:317,16
DA:319,16
DA:320,16
DA:321,16
DA:323,16
DA:325,16
DA:328,1
LF:99
LH:99
BRDA:39,1,0,16
BRDA:39,1,1,44
BRDA:39,2,0,60
BRDA:39,2,1,37
BRDA:44,3,0,31
BRDA:44,3,1,29
BRDA:44,4,0,60
BRDA:44,4,1,37
BRDA:46,5,0,3
BRDA:46,5,1,28
BRDA:51,6,0,6
BRDA:51,6,1,54
BRDA:58,7,0,53
BRDA:58,7,1,1
BRDA:58,8,0,54
BRDA:58,8,1,53
BRDA:61,9,0,9
BRDA:61,9,1,44
BRDA:64,10,0,3
BRDA:64,10,1,6
BRDA:71,11,0,39
BRDA:71,11,1,11
BRDA:76,12,0,47
BRDA:76,12,1,3
BRDA:104,13,0,22
BRDA:104,13,1,1
BRDA:105,14,0,11
BRDA:105,14,1,11
BRDA:106,15,0,11
BRDA:106,15,1,11
BRDA:116,16,0,2
BRDA:116,16,1,21
BRDA:121,17,0,1
BRDA:121,17,1,20
BRDA:126,18,0,20
BRDA:126,18,1,1
BRDA:144,19,0,1
BRDA:144,19,1,1
BRDA:159,20,0,35
BRDA:159,20,1,13
BRDA:159,21,0,35
BRDA:159,21,1,13
BRDA:186,22,0,10
BRDA:186,22,1,2
BRDA:186,23,0,10
BRDA:186,23,1,6
BRDA:188,24,0,8
BRDA:188,24,1,2
BRDA:189,25,0,6
BRDA:189,25,1,2
BRDA:194,26,0,9
BRDA:194,26,1,1
BRDA:206,27,0,3
BRDA:206,27,1,3
BRDA:210,28,0,5
BRDA:210,28,1,1
BRDA:224,29,0,24
BRDA:224,29,1,1
BRDA:228,30,0,1
BRDA:228,30,1,23
BRDA:229,31,0,1
BRDA:229,31,1,22
BRDA:230,32,0,1
BRDA:230,32,1,21
BRDA:231,33,0,1
BRDA:231,33,1,20
BRDA:232,34,0,1
BRDA:232,34,1,19
BRDA:234,35,0,1
BRDA:234,35,1,18
BRDA:243,36,0,18
BRDA:243,36,1,18
BRDA:244,37,0,18
BRDA:244,37,1,18
BRDA:246,38,0,18
BRDA:246,38,1,14
BRDA:247,39,0,18
BRDA:247,39,1,10
BRDA:251,40,0,18
BRDA:251,40,1,13
BRDA:253,41,0,18
BRDA:253,41,1,15
BRDA:254,42,0,18
BRDA:254,42,1,16
BRDA:259,43,0,1
BRDA:259,43,1,17
BRDA:281,44,0,28
BRDA:281,44,1,116
BRDA:285,45,0,13
BRDA:285,45,1,5
BRDA:308,46,0,1
BRDA:308,46,1,17
BRDA:309,47,0,1
BRDA:309,47,1,16
BRF:94
BRH:94
end_of_record
